  main.cpp
C:\Users\Hp\Desktop\C++ progs\chess\chess\functions.cpp(41,13): warning C4244: 'initializing': conversion from 'T' to 'float', possible loss of data
C:\Users\Hp\Desktop\C++ progs\chess\chess\functions.cpp(41,13): warning C4244:         with
C:\Users\Hp\Desktop\C++ progs\chess\chess\functions.cpp(41,13): warning C4244:         [
C:\Users\Hp\Desktop\C++ progs\chess\chess\functions.cpp(41,13): warning C4244:             T=unsigned int
C:\Users\Hp\Desktop\C++ progs\chess\chess\functions.cpp(41,13): warning C4244:         ]
  (compiling source file 'main.cpp')
  
C:\Users\Hp\Desktop\C++ progs\chess\chess\functions.cpp(91,63): warning C4244: 'argument': conversion from 'T' to 'T', possible loss of data
C:\Users\Hp\Desktop\C++ progs\chess\chess\functions.cpp(91,63): warning C4244:         with
C:\Users\Hp\Desktop\C++ progs\chess\chess\functions.cpp(91,63): warning C4244:         [
C:\Users\Hp\Desktop\C++ progs\chess\chess\functions.cpp(91,63): warning C4244:             T=int
C:\Users\Hp\Desktop\C++ progs\chess\chess\functions.cpp(91,63): warning C4244:         ]
C:\Users\Hp\Desktop\C++ progs\chess\chess\functions.cpp(91,63): warning C4244:         and
C:\Users\Hp\Desktop\C++ progs\chess\chess\functions.cpp(91,63): warning C4244:         [
C:\Users\Hp\Desktop\C++ progs\chess\chess\functions.cpp(91,63): warning C4244:             T=float
C:\Users\Hp\Desktop\C++ progs\chess\chess\functions.cpp(91,63): warning C4244:         ]
  (compiling source file 'main.cpp')
  
C:\Users\Hp\Desktop\C++ progs\chess\chess\functions.cpp(94,76): warning C4244: 'argument': conversion from 'T' to 'T', possible loss of data
C:\Users\Hp\Desktop\C++ progs\chess\chess\functions.cpp(94,76): warning C4244:         with
C:\Users\Hp\Desktop\C++ progs\chess\chess\functions.cpp(94,76): warning C4244:         [
C:\Users\Hp\Desktop\C++ progs\chess\chess\functions.cpp(94,76): warning C4244:             T=int
C:\Users\Hp\Desktop\C++ progs\chess\chess\functions.cpp(94,76): warning C4244:         ]
C:\Users\Hp\Desktop\C++ progs\chess\chess\functions.cpp(94,76): warning C4244:         and
C:\Users\Hp\Desktop\C++ progs\chess\chess\functions.cpp(94,76): warning C4244:         [
C:\Users\Hp\Desktop\C++ progs\chess\chess\functions.cpp(94,76): warning C4244:             T=float
C:\Users\Hp\Desktop\C++ progs\chess\chess\functions.cpp(94,76): warning C4244:         ]
  (compiling source file 'main.cpp')
  
C:\Users\Hp\Desktop\C++ progs\chess\chess\functions.cpp(157,29): warning C4805: '==': unsafe mix of type 'char' and type 'bool' in operation
  (compiling source file 'main.cpp')
  
C:\Users\Hp\Desktop\C++ progs\chess\chess\functions.cpp(404,20): warning C4018: '<': signed/unsigned mismatch
  (compiling source file 'main.cpp')
  
C:\Users\Hp\Desktop\C++ progs\chess\chess\Moves.cpp(12,37): warning C4244: '=': conversion from 'T' to 'int', possible loss of data
C:\Users\Hp\Desktop\C++ progs\chess\chess\Moves.cpp(12,37): warning C4244:         with
C:\Users\Hp\Desktop\C++ progs\chess\chess\Moves.cpp(12,37): warning C4244:         [
C:\Users\Hp\Desktop\C++ progs\chess\chess\Moves.cpp(12,37): warning C4244:             T=float
C:\Users\Hp\Desktop\C++ progs\chess\chess\Moves.cpp(12,37): warning C4244:         ]
  (compiling source file 'main.cpp')
  
C:\Users\Hp\Desktop\C++ progs\chess\chess\Moves.cpp(16,37): warning C4244: '=': conversion from 'T' to 'int', possible loss of data
C:\Users\Hp\Desktop\C++ progs\chess\chess\Moves.cpp(16,37): warning C4244:         with
C:\Users\Hp\Desktop\C++ progs\chess\chess\Moves.cpp(16,37): warning C4244:         [
C:\Users\Hp\Desktop\C++ progs\chess\chess\Moves.cpp(16,37): warning C4244:             T=float
C:\Users\Hp\Desktop\C++ progs\chess\chess\Moves.cpp(16,37): warning C4244:         ]
  (compiling source file 'main.cpp')
  
C:\Users\Hp\Desktop\C++ progs\chess\chess\Moves.cpp(92,16): warning C4244: '=': conversion from 'float' to 'int', possible loss of data
  (compiling source file 'main.cpp')
  
C:\Users\Hp\Desktop\C++ progs\chess\chess\Moves.cpp(155,20): warning C4018: '<': signed/unsigned mismatch
  (compiling source file 'main.cpp')
  
C:\Users\Hp\Desktop\C++ progs\chess\chess\main.cpp(334,68): warning C4244: 'argument': conversion from 'int' to 'T', possible loss of data
C:\Users\Hp\Desktop\C++ progs\chess\chess\main.cpp(334,68): warning C4244:         with
C:\Users\Hp\Desktop\C++ progs\chess\chess\main.cpp(334,68): warning C4244:         [
C:\Users\Hp\Desktop\C++ progs\chess\chess\main.cpp(334,68): warning C4244:             T=float
C:\Users\Hp\Desktop\C++ progs\chess\chess\main.cpp(334,68): warning C4244:         ]
C:\Users\Hp\Desktop\C++ progs\chess\chess\main.cpp(334,57): warning C4244: 'argument': conversion from 'T' to 'T', possible loss of data
C:\Users\Hp\Desktop\C++ progs\chess\chess\main.cpp(334,57): warning C4244:         with
C:\Users\Hp\Desktop\C++ progs\chess\chess\main.cpp(334,57): warning C4244:         [
C:\Users\Hp\Desktop\C++ progs\chess\chess\main.cpp(334,57): warning C4244:             T=int
C:\Users\Hp\Desktop\C++ progs\chess\chess\main.cpp(334,57): warning C4244:         ]
C:\Users\Hp\Desktop\C++ progs\chess\chess\main.cpp(334,57): warning C4244:         and
C:\Users\Hp\Desktop\C++ progs\chess\chess\main.cpp(334,57): warning C4244:         [
C:\Users\Hp\Desktop\C++ progs\chess\chess\main.cpp(334,57): warning C4244:             T=float
C:\Users\Hp\Desktop\C++ progs\chess\chess\main.cpp(334,57): warning C4244:         ]
C:\Users\Hp\Desktop\C++ progs\chess\chess\main.cpp(372,57): warning C4244: 'argument': conversion from 'T' to 'T', possible loss of data
C:\Users\Hp\Desktop\C++ progs\chess\chess\main.cpp(372,57): warning C4244:         with
C:\Users\Hp\Desktop\C++ progs\chess\chess\main.cpp(372,57): warning C4244:         [
C:\Users\Hp\Desktop\C++ progs\chess\chess\main.cpp(372,57): warning C4244:             T=int
C:\Users\Hp\Desktop\C++ progs\chess\chess\main.cpp(372,57): warning C4244:         ]
C:\Users\Hp\Desktop\C++ progs\chess\chess\main.cpp(372,57): warning C4244:         and
C:\Users\Hp\Desktop\C++ progs\chess\chess\main.cpp(372,57): warning C4244:         [
C:\Users\Hp\Desktop\C++ progs\chess\chess\main.cpp(372,57): warning C4244:             T=float
C:\Users\Hp\Desktop\C++ progs\chess\chess\main.cpp(372,57): warning C4244:         ]
C:\Users\Hp\Desktop\C++ progs\chess\chess\main.cpp(372,50): warning C4244: 'argument': conversion from 'T' to 'T', possible loss of data
C:\Users\Hp\Desktop\C++ progs\chess\chess\main.cpp(372,50): warning C4244:         with
C:\Users\Hp\Desktop\C++ progs\chess\chess\main.cpp(372,50): warning C4244:         [
C:\Users\Hp\Desktop\C++ progs\chess\chess\main.cpp(372,50): warning C4244:             T=int
C:\Users\Hp\Desktop\C++ progs\chess\chess\main.cpp(372,50): warning C4244:         ]
C:\Users\Hp\Desktop\C++ progs\chess\chess\main.cpp(372,50): warning C4244:         and
C:\Users\Hp\Desktop\C++ progs\chess\chess\main.cpp(372,50): warning C4244:         [
C:\Users\Hp\Desktop\C++ progs\chess\chess\main.cpp(372,50): warning C4244:             T=float
C:\Users\Hp\Desktop\C++ progs\chess\chess\main.cpp(372,50): warning C4244:         ]
C:\Users\Hp\Desktop\C++ progs\chess\chess\main.cpp(384,57): warning C4244: 'argument': conversion from 'T' to 'T', possible loss of data
C:\Users\Hp\Desktop\C++ progs\chess\chess\main.cpp(384,57): warning C4244:         with
C:\Users\Hp\Desktop\C++ progs\chess\chess\main.cpp(384,57): warning C4244:         [
C:\Users\Hp\Desktop\C++ progs\chess\chess\main.cpp(384,57): warning C4244:             T=int
C:\Users\Hp\Desktop\C++ progs\chess\chess\main.cpp(384,57): warning C4244:         ]
C:\Users\Hp\Desktop\C++ progs\chess\chess\main.cpp(384,57): warning C4244:         and
C:\Users\Hp\Desktop\C++ progs\chess\chess\main.cpp(384,57): warning C4244:         [
C:\Users\Hp\Desktop\C++ progs\chess\chess\main.cpp(384,57): warning C4244:             T=float
C:\Users\Hp\Desktop\C++ progs\chess\chess\main.cpp(384,57): warning C4244:         ]
C:\Users\Hp\Desktop\C++ progs\chess\chess\main.cpp(384,50): warning C4244: 'argument': conversion from 'T' to 'T', possible loss of data
C:\Users\Hp\Desktop\C++ progs\chess\chess\main.cpp(384,50): warning C4244:         with
C:\Users\Hp\Desktop\C++ progs\chess\chess\main.cpp(384,50): warning C4244:         [
C:\Users\Hp\Desktop\C++ progs\chess\chess\main.cpp(384,50): warning C4244:             T=int
C:\Users\Hp\Desktop\C++ progs\chess\chess\main.cpp(384,50): warning C4244:         ]
C:\Users\Hp\Desktop\C++ progs\chess\chess\main.cpp(384,50): warning C4244:         and
C:\Users\Hp\Desktop\C++ progs\chess\chess\main.cpp(384,50): warning C4244:         [
C:\Users\Hp\Desktop\C++ progs\chess\chess\main.cpp(384,50): warning C4244:             T=float
C:\Users\Hp\Desktop\C++ progs\chess\chess\main.cpp(384,50): warning C4244:         ]
C:\Users\Hp\Desktop\C++ progs\chess\chess\main.cpp(398,57): warning C4244: 'argument': conversion from 'T' to 'T', possible loss of data
C:\Users\Hp\Desktop\C++ progs\chess\chess\main.cpp(398,57): warning C4244:         with
C:\Users\Hp\Desktop\C++ progs\chess\chess\main.cpp(398,57): warning C4244:         [
C:\Users\Hp\Desktop\C++ progs\chess\chess\main.cpp(398,57): warning C4244:             T=int
C:\Users\Hp\Desktop\C++ progs\chess\chess\main.cpp(398,57): warning C4244:         ]
C:\Users\Hp\Desktop\C++ progs\chess\chess\main.cpp(398,57): warning C4244:         and
C:\Users\Hp\Desktop\C++ progs\chess\chess\main.cpp(398,57): warning C4244:         [
C:\Users\Hp\Desktop\C++ progs\chess\chess\main.cpp(398,57): warning C4244:             T=float
C:\Users\Hp\Desktop\C++ progs\chess\chess\main.cpp(398,57): warning C4244:         ]
C:\Users\Hp\Desktop\C++ progs\chess\chess\main.cpp(398,50): warning C4244: 'argument': conversion from 'T' to 'T', possible loss of data
C:\Users\Hp\Desktop\C++ progs\chess\chess\main.cpp(398,50): warning C4244:         with
C:\Users\Hp\Desktop\C++ progs\chess\chess\main.cpp(398,50): warning C4244:         [
C:\Users\Hp\Desktop\C++ progs\chess\chess\main.cpp(398,50): warning C4244:             T=int
C:\Users\Hp\Desktop\C++ progs\chess\chess\main.cpp(398,50): warning C4244:         ]
C:\Users\Hp\Desktop\C++ progs\chess\chess\main.cpp(398,50): warning C4244:         and
C:\Users\Hp\Desktop\C++ progs\chess\chess\main.cpp(398,50): warning C4244:         [
C:\Users\Hp\Desktop\C++ progs\chess\chess\main.cpp(398,50): warning C4244:             T=float
C:\Users\Hp\Desktop\C++ progs\chess\chess\main.cpp(398,50): warning C4244:         ]
C:\Users\Hp\Desktop\C++ progs\chess\chess\main.cpp(421,60): warning C4244: 'argument': conversion from 'T' to 'T', possible loss of data
C:\Users\Hp\Desktop\C++ progs\chess\chess\main.cpp(421,60): warning C4244:         with
C:\Users\Hp\Desktop\C++ progs\chess\chess\main.cpp(421,60): warning C4244:         [
C:\Users\Hp\Desktop\C++ progs\chess\chess\main.cpp(421,60): warning C4244:             T=int
C:\Users\Hp\Desktop\C++ progs\chess\chess\main.cpp(421,60): warning C4244:         ]
C:\Users\Hp\Desktop\C++ progs\chess\chess\main.cpp(421,60): warning C4244:         and
C:\Users\Hp\Desktop\C++ progs\chess\chess\main.cpp(421,60): warning C4244:         [
C:\Users\Hp\Desktop\C++ progs\chess\chess\main.cpp(421,60): warning C4244:             T=float
C:\Users\Hp\Desktop\C++ progs\chess\chess\main.cpp(421,60): warning C4244:         ]
  Generating code
C:\Users\Hp\Desktop\C++ progs\chess\chess\Moves.cpp(271): warning C4715: 'isPawnMove': not all control paths return a value
  95 of 468 functions (20.3%) were compiled, the rest were copied from previous compilation.
    0 functions were new in current compilation
    39 functions had inline decision re-evaluated but remain unchanged
  Finished generating code
  chess.vcxproj -> C:\Users\Hp\Desktop\C++ progs\chess\Release\chess.exe
